<?xml version="1.0" encoding="UTF-8"?>
<!-- Generated by org.testng.reporters.JUnitReportReporter -->
<testsuite hostname="DESKTOP-AO9PN1L" failures="0" tests="2" name="pac2.Check2_Test" time="0.002" errors="0" timestamp="2024-11-11T11:21:12 IST" skipped="0">
  <testcase classname="pac2.Check2_Test" name="orgcheck1_Test" time="0.001"/>
  <system-out/>
  <testcase classname="pac2.Check2_Test" name="orgcheck2_Test" time="0.001"/>
  <system-out/>
</testsuite> <!-- pac2.Check2_Test -->
