<?xml version="1.0" encoding="UTF-8"?>
<!-- Generated by org.testng.reporters.JUnitReportReporter -->
<testsuite hostname="DESKTOP-AO9PN1L" failures="0" tests="2" name="pac1.Check1_Test" time="0.008" errors="0" timestamp="2024-11-11T11:21:12 IST" skipped="0">
  <testcase classname="pac1.Check1_Test" name="contactcheck2_Test" time="0.008"/>
  <system-out/>
  <testcase classname="pac1.Check1_Test" name="contactcheck_Test" time="0.000"/>
  <system-out/>
</testsuite> <!-- pac1.Check1_Test -->
